1598405564332	geckodriver	INFO	Listening on 127.0.0.1:49247
1598405564336	mozrunner::runner	INFO	Running command: "/usr/bin/firefox" "--marionette" "-foreground" "-no-remote" "-profile" "/tmp/rust_mozprofileQ4AEKE"
console.error: SearchCache: "_readCacheFile: Error reading cache file:" (new Error("", "(unknown module)"))
1598405566426	Marionette	INFO	Listening on port 42871
1598405566443	Marionette	WARN	TLS certificate errors will be ignored for this session
JavaScript warning: https://confiant-integrations.global.ssl.fastly.net/gpt/202008071611/wrap.js, line 19: unreachable code after return statement
JavaScript warning: https://confiant-integrations.global.ssl.fastly.net/gpt/202008071611/wrap.js, line 19: unreachable code after return statement
JavaScript warning: https://confiant-integrations.global.ssl.fastly.net/gpt/202008071611/wrap.js, line 19: unreachable code after return statement
JavaScript warning: https://confiant-integrations.global.ssl.fastly.net/gpt/202008071611/wrap.js, line 19: unreachable code after return statement
JavaScript warning: https://confiant-integrations.global.ssl.fastly.net/gpt/202008071611/wrap.js, line 19: unreachable code after return statement
1598405570648	Marionette	INFO	Stopped listening on port 42871
1598405668475	geckodriver	INFO	Listening on 127.0.0.1:56553
1598405668480	mozrunner::runner	INFO	Running command: "/usr/bin/firefox" "--marionette" "-foreground" "-no-remote" "-profile" "/tmp/rust_mozprofile4hi3zy"
console.error: SearchCache: "_readCacheFile: Error reading cache file:" (new Error("", "(unknown module)"))
1598405670539	Marionette	INFO	Listening on port 41859
1598405670586	Marionette	WARN	TLS certificate errors will be ignored for this session
JavaScript warning: https://confiant-integrations.global.ssl.fastly.net/gpt/202008071611/wrap.js, line 19: unreachable code after return statement
JavaScript warning: https://confiant-integrations.global.ssl.fastly.net/gpt/202008071611/wrap.js, line 19: unreachable code after return statement
JavaScript warning: https://confiant-integrations.global.ssl.fastly.net/gpt/202008071611/wrap.js, line 19: unreachable code after return statement
JavaScript warning: https://confiant-integrations.global.ssl.fastly.net/gpt/202008071611/wrap.js, line 19: unreachable code after return statement
JavaScript warning: https://confiant-integrations.global.ssl.fastly.net/gpt/202008071611/wrap.js, line 19: unreachable code after return statement
JavaScript warning: https://confiant-integrations.global.ssl.fastly.net/gpt/202008071611/wrap.js, line 19: unreachable code after return statement
JavaScript warning: https://confiant-integrations.global.ssl.fastly.net/gpt/202008071611/wrap.js, line 19: unreachable code after return statement
JavaScript warning: https://confiant-integrations.global.ssl.fastly.net/gpt/202008071611/wrap.js, line 19: unreachable code after return statement
JavaScript warning: https://confiant-integrations.global.ssl.fastly.net/gpt/202008071611/wrap.js, line 19: unreachable code after return statement
1598405687219	Marionette	INFO	Stopped listening on port 41859
1598405705825	geckodriver	INFO	Listening on 127.0.0.1:56809
1598405705829	mozrunner::runner	INFO	Running command: "/usr/bin/firefox" "--marionette" "-foreground" "-no-remote" "-profile" "/tmp/rust_mozprofilebYnnJd"
console.error: SearchCache: "_readCacheFile: Error reading cache file:" (new Error("", "(unknown module)"))
1598405707900	Marionette	INFO	Listening on port 42559
1598405707947	Marionette	WARN	TLS certificate errors will be ignored for this session
JavaScript warning: https://confiant-integrations.global.ssl.fastly.net/gpt/202008071611/wrap.js, line 19: unreachable code after return statement
JavaScript warning: https://confiant-integrations.global.ssl.fastly.net/gpt/202008071611/wrap.js, line 19: unreachable code after return statement
JavaScript warning: https://confiant-integrations.global.ssl.fastly.net/gpt/202008071611/wrap.js, line 19: unreachable code after return statement
JavaScript warning: https://confiant-integrations.global.ssl.fastly.net/gpt/202008071611/wrap.js, line 19: unreachable code after return statement
JavaScript warning: https://confiant-integrations.global.ssl.fastly.net/gpt/202008071611/wrap.js, line 19: unreachable code after return statement
JavaScript error: , line 0: uncaught exception: Object
JavaScript error: https://d3rqdbvvokrlbl.cloudfront.net/lib/dist/desktop.25ddf2750da9.js, line 6: TypeError: can't convert undefined to object
JavaScript warning: https://confiant-integrations.global.ssl.fastly.net/gpt/202008071611/wrap.js, line 19: unreachable code after return statement
JavaScript warning: https://confiant-integrations.global.ssl.fastly.net/gpt/202008071611/wrap.js, line 19: unreachable code after return statement
JavaScript warning: https://confiant-integrations.global.ssl.fastly.net/gpt/202008071611/wrap.js, line 19: unreachable code after return statement
JavaScript warning: https://confiant-integrations.global.ssl.fastly.net/gpt/202008071611/wrap.js, line 19: unreachable code after return statement
JavaScript warning: https://confiant-integrations.global.ssl.fastly.net/gpt/202008071611/wrap.js, line 19: unreachable code after return statement
JavaScript warning: https://confiant-integrations.global.ssl.fastly.net/gpt/202008071611/wrap.js, line 19: unreachable code after return statement
JavaScript warning: https://confiant-integrations.global.ssl.fastly.net/gpt/202008071611/wrap.js, line 19: unreachable code after return statement
JavaScript warning: https://confiant-integrations.global.ssl.fastly.net/gpt/202008071611/wrap.js, line 19: unreachable code after return statement
JavaScript warning: https://confiant-integrations.global.ssl.fastly.net/gpt/202008071611/wrap.js, line 19: unreachable code after return statement
1598405720969	Marionette	INFO	Stopped listening on port 42559
1598405724683	geckodriver	INFO	Listening on 127.0.0.1:49229
1598405724687	mozrunner::runner	INFO	Running command: "/usr/bin/firefox" "--marionette" "-foreground" "-no-remote" "-profile" "/tmp/rust_mozprofilec09GWX"
console.error: SearchCache: "_readCacheFile: Error reading cache file:" (new Error("", "(unknown module)"))
1598405726814	Marionette	INFO	Listening on port 37237
1598405726893	Marionette	WARN	TLS certificate errors will be ignored for this session
JavaScript warning: https://confiant-integrations.global.ssl.fastly.net/gpt/202008071611/wrap.js, line 19: unreachable code after return statement
JavaScript warning: https://confiant-integrations.global.ssl.fastly.net/gpt/202008071611/wrap.js, line 19: unreachable code after return statement
JavaScript warning: https://confiant-integrations.global.ssl.fastly.net/gpt/202008071611/wrap.js, line 19: unreachable code after return statement
JavaScript warning: https://confiant-integrations.global.ssl.fastly.net/gpt/202008071611/wrap.js, line 19: unreachable code after return statement
JavaScript warning: https://confiant-integrations.global.ssl.fastly.net/gpt/202008071611/wrap.js, line 19: unreachable code after return statement
JavaScript warning: https://confiant-integrations.global.ssl.fastly.net/gpt/202008071611/wrap.js, line 19: unreachable code after return statement
JavaScript warning: https://confiant-integrations.global.ssl.fastly.net/gpt/202008071611/wrap.js, line 19: unreachable code after return statement
JavaScript warning: https://confiant-integrations.global.ssl.fastly.net/gpt/202008071611/wrap.js, line 19: unreachable code after return statement
JavaScript warning: https://confiant-integrations.global.ssl.fastly.net/gpt/202008071611/wrap.js, line 19: unreachable code after return statement
1598405747440	Marionette	INFO	Stopped listening on port 37237
